<?xml version="1.0" encoding="utf-8"?><testsuites name="pytest tests"><testsuite name="pytest" errors="0" failures="0" skipped="0" tests="9" time="4.004" timestamp="2026-03-06T10:08:52.851181+00:00" hostname="agent-env-041b9f89-a849-496c-b741-e71f3cc6dbc3"><testcase classname="backend.tests.test_cross_filter_iter31.TestCrossFilter" name="test_get_dashboard_widgets" time="0.511" /><testcase classname="backend.tests.test_cross_filter_iter31.TestCrossFilter" name="test_get_widget_data_unfiltered" time="0.424" /><testcase classname="backend.tests.test_cross_filter_iter31.TestCrossFilter" name="test_post_widget_data_with_empty_filters" time="0.445" /><testcase classname="backend.tests.test_cross_filter_iter31.TestCrossFilter" name="test_post_widget_data_with_filter" time="0.429" /><testcase classname="backend.tests.test_cross_filter_iter31.TestCrossFilter" name="test_post_widget_data_for_all_widgets" time="0.546" /><testcase classname="backend.tests.test_cross_filter_iter31.TestCrossFilter" name="test_post_widget_data_nonexistent_widget" time="0.380" /><testcase classname="backend.tests.test_cross_filter_iter31.TestCrossFilter" name="test_multiple_filters" time="0.438" /><testcase classname="backend.tests.test_cross_filter_iter31.TestDatasetWithFilters" name="test_get_dataset_columns" time="0.382" /><testcase classname="backend.tests.test_cross_filter_iter31.TestDatasetWithFilters" name="test_get_dataset_sample_data" time="0.377" /></testsuite></testsuites>