<?xml version="1.0" encoding="utf-8"?><testsuites name="pytest tests"><testsuite name="pytest" errors="0" failures="0" skipped="0" tests="15" time="3.455" timestamp="2026-03-06T09:04:53.681077+00:00" hostname="agent-env-041b9f89-a849-496c-b741-e71f3cc6dbc3"><testcase classname="backend.tests.test_favorites_views_iter30.TestAuth" name="test_login_success" time="0.351" /><testcase classname="backend.tests.test_favorites_views_iter30.TestDashboardFavorites" name="test_get_dashboards_list" time="0.496" /><testcase classname="backend.tests.test_favorites_views_iter30.TestDashboardFavorites" name="test_dashboard_contains_favorite_field" time="0.109" /><testcase classname="backend.tests.test_favorites_views_iter30.TestDashboardFavorites" name="test_dashboard_favorite_toggle" time="0.320" /><testcase classname="backend.tests.test_favorites_views_iter30.TestDashboardFavorites" name="test_dashboard_view_tracking" time="0.101" /><testcase classname="backend.tests.test_favorites_views_iter30.TestDashboardFavorites" name="test_dashboard_has_widgets_count" time="0.106" /><testcase classname="backend.tests.test_favorites_views_iter30.TestChartFavorites" name="test_get_charts_list" time="0.465" /><testcase classname="backend.tests.test_favorites_views_iter30.TestChartFavorites" name="test_chart_contains_tags_field" time="0.108" /><testcase classname="backend.tests.test_favorites_views_iter30.TestChartFavorites" name="test_chart_contains_favorite_field" time="0.154" /><testcase classname="backend.tests.test_favorites_views_iter30.TestChartFavorites" name="test_chart_favorite_toggle" time="0.309" /><testcase classname="backend.tests.test_favorites_views_iter30.TestChartFavorites" name="test_chart_view_tracking" time="0.105" /><testcase classname="backend.tests.test_favorites_views_iter30.TestChartFavorites" name="test_chart_has_type_field" time="0.114" /><testcase classname="backend.tests.test_favorites_views_iter30.TestNonExistentResources" name="test_favorite_nonexistent_dashboard" time="0.441" /><testcase classname="backend.tests.test_favorites_views_iter30.TestNonExistentResources" name="test_view_nonexistent_dashboard" time="0.103" /><testcase classname="backend.tests.test_favorites_views_iter30.TestNonExistentResources" name="test_favorite_nonexistent_chart" time="0.105" /></testsuite></testsuites>