<?xml version="1.0" encoding="utf-8"?><testsuites name="pytest tests"><testsuite name="pytest" errors="0" failures="0" skipped="0" tests="11" time="31.954" timestamp="2026-02-15T18:41:32.128890+00:00" hostname="agent-env-46313d17-c3f2-45a9-a891-25ee019c4450"><testcase classname="backend.tests.test_help_center.TestHealth" name="test_api_health_check" time="0.231" /><testcase classname="backend.tests.test_help_center.TestHelpAssistant" name="test_help_assistant_simple_question" time="3.193" /><testcase classname="backend.tests.test_help_center.TestHelpAssistant" name="test_help_assistant_template_question" time="4.022" /><testcase classname="backend.tests.test_help_center.TestHelpAssistant" name="test_help_assistant_chart_question" time="1.330" /><testcase classname="backend.tests.test_help_center.TestHelpAssistant" name="test_help_assistant_export_question" time="3.113" /><testcase classname="backend.tests.test_help_center.TestHelpAssistant" name="test_help_assistant_with_conversation_history" time="6.490" /><testcase classname="backend.tests.test_help_center.TestHelpAssistant" name="test_help_assistant_widget_question" time="1.695" /><testcase classname="backend.tests.test_help_center.TestHelpAssistant" name="test_help_assistant_data_upload_question" time="1.781" /><testcase classname="backend.tests.test_help_center.TestHelpAssistant" name="test_help_assistant_empty_message_handled" time="0.947" /><testcase classname="backend.tests.test_help_center.TestAuthenticationForHelp" name="test_help_assistant_without_auth" time="5.139" /><testcase classname="backend.tests.test_help_center.TestAuthenticationForHelp" name="test_help_assistant_with_auth" time="3.900" /></testsuite></testsuites>