<?xml version="1.0" encoding="utf-8"?><testsuites name="pytest tests"><testsuite name="pytest" errors="0" failures="0" skipped="0" tests="14" time="3.769" timestamp="2026-02-23T08:13:44.166090+00:00" hostname="agent-env-36b08753-c171-4a01-b4af-34e2348a01a0"><testcase classname="tests.test_connectors_iter27.TestS3Connector" name="test_s3_test_connection_invalid_credentials" time="0.976" /><testcase classname="tests.test_connectors_iter27.TestS3Connector" name="test_s3_connect_invalid_credentials" time="0.244" /><testcase classname="tests.test_connectors_iter27.TestS3Connector" name="test_s3_generic_connect_invalid_credentials" time="0.224" /><testcase classname="tests.test_connectors_iter27.TestGoogleConnector" name="test_google_oauth_init" time="0.483" /><testcase classname="tests.test_connectors_iter27.TestGoogleConnector" name="test_google_generic_connect_requires_oauth" time="0.101" /><testcase classname="tests.test_connectors_iter27.TestConnectionsManagement" name="test_list_connections" time="0.444" /><testcase classname="tests.test_connectors_iter27.TestConnectionsManagement" name="test_list_connections_filtered" time="0.101" /><testcase classname="tests.test_connectors_iter27.TestConnectionsManagement" name="test_delete_nonexistent_connection" time="0.108" /><testcase classname="tests.test_connectors_iter27.TestConnectorsEndpointsAvailability" name="test_s3_buckets_endpoint_requires_valid_connection" time="0.457" /><testcase classname="tests.test_connectors_iter27.TestConnectorsEndpointsAvailability" name="test_s3_files_endpoint_requires_valid_connection" time="0.107" /><testcase classname="tests.test_connectors_iter27.TestConnectorsEndpointsAvailability" name="test_google_spreadsheets_endpoint_requires_valid_connection" time="0.108" /><testcase classname="tests.test_connectors_iter27.TestUnauthorizedAccess" name="test_connectors_list_require_auth" time="0.126" /><testcase classname="tests.test_connectors_iter27.TestUnauthorizedAccess" name="test_s3_test_requires_auth" time="0.106" /><testcase classname="tests.test_connectors_iter27.TestUnauthorizedAccess" name="test_google_oauth_init_requires_auth" time="0.102" /></testsuite></testsuites>