<?xml version="1.0" encoding="utf-8"?><testsuites name="pytest tests"><testsuite name="pytest" errors="0" failures="0" skipped="0" tests="11" time="21.269" timestamp="2026-03-06T13:09:20.122999+00:00" hostname="agent-env-041b9f89-a849-496c-b741-e71f3cc6dbc3"><testcase classname="backend.tests.test_ai_phase2_iter33.TestAIPhase2Features" name="test_ai_insights_endpoint_exists" time="3.847" /><testcase classname="backend.tests.test_ai_phase2_iter33.TestAIPhase2Features" name="test_ai_insights_returns_array_with_data" time="4.728" /><testcase classname="backend.tests.test_ai_phase2_iter33.TestAIPhase2Features" name="test_ai_insights_with_empty_data" time="0.494" /><testcase classname="backend.tests.test_ai_phase2_iter33.TestAIPhase2Features" name="test_ai_generate_chart_endpoint_exists" time="2.548" /><testcase classname="backend.tests.test_ai_phase2_iter33.TestAIPhase2Features" name="test_ai_generate_chart_different_queries" time="6.398" /><testcase classname="backend.tests.test_ai_phase2_iter33.TestAIPhase2Features" name="test_ai_generate_chart_no_datasets_error" time="0.443" /><testcase classname="backend.tests.test_ai_phase2_iter33.TestAIPhase2Features" name="test_dashboard_widgets_exist" time="0.430" /><testcase classname="backend.tests.test_ai_phase2_iter33.TestAIPhase2Features" name="test_widget_data_endpoint" time="0.546" /><testcase classname="backend.tests.test_ai_phase2_iter33.TestAIPhase2Features" name="test_widget_filtered_data" time="0.532" /><testcase classname="backend.tests.test_ai_phase2_iter33.TestAIPhase2Features" name="test_dashboard_favorites_still_work" time="0.536" /><testcase classname="backend.tests.test_ai_phase2_iter33.TestAIPhase2Features" name="test_dashboard_sorting" time="0.697" /></testsuite></testsuites>