<?xml version="1.0" encoding="utf-8"?><testsuites name="pytest tests"><testsuite name="pytest" errors="0" failures="1" skipped="0" tests="17" time="36.663" timestamp="2026-02-13T14:30:05.927130+00:00" hostname="agent-env-702355f1-6f4e-4d6d-a137-4768c4b91401"><testcase classname="test_charts_ai_iter3.TestHealthAndAuth" name="test_health_check" time="0.461" /><testcase classname="test_charts_ai_iter3.TestHealthAndAuth" name="test_login_with_test_credentials" time="0.408" /><testcase classname="test_charts_ai_iter3.TestDatasets" name="test_list_datasets" time="0.867" /><testcase classname="test_charts_ai_iter3.TestDatasets" name="test_get_dataset_data" time="0.714" /><testcase classname="test_charts_ai_iter3.TestCharts" name="test_list_charts" time="0.556" /><testcase classname="test_charts_ai_iter3.TestCharts" name="test_create_bar_chart" time="1.006" /><testcase classname="test_charts_ai_iter3.TestCharts" name="test_create_line_chart" time="0.591" /><testcase classname="test_charts_ai_iter3.TestCharts" name="test_create_pie_chart" time="0.723" /><testcase classname="test_charts_ai_iter3.TestCharts" name="test_create_area_chart" time="0.634" /><testcase classname="test_charts_ai_iter3.TestCharts" name="test_get_chart_by_id" time="0.891" /><testcase classname="test_charts_ai_iter3.TestCharts" name="test_get_chart_data" time="0.895"><failure message="assert 520 == 200&#10; +  where 520 = &lt;Response [520]&gt;.status_code">test_charts_ai_iter3.py:285: in test_get_chart_data
    assert response.status_code == 200
E   assert 520 == 200
E    +  where 520 = &lt;Response [520]&gt;.status_code</failure></testcase><testcase classname="test_charts_ai_iter3.TestCharts" name="test_update_chart" time="1.023" /><testcase classname="test_charts_ai_iter3.TestCharts" name="test_delete_chart" time="0.979" /><testcase classname="test_charts_ai_iter3.TestAIInsights" name="test_ai_query_without_dataset" time="13.802" /><testcase classname="test_charts_ai_iter3.TestAIInsights" name="test_ai_query_with_dataset" time="5.705" /><testcase classname="test_charts_ai_iter3.TestAIInsights" name="test_ai_suggest_charts" time="5.698" /><testcase classname="test_charts_ai_iter3.TestCleanup" name="test_cleanup_test_charts" time="1.562" /></testsuite></testsuites>