<?xml version="1.0" encoding="utf-8"?><testsuites name="pytest tests"><testsuite name="pytest" errors="0" failures="3" skipped="0" tests="10" time="3.059" timestamp="2026-02-24T06:42:32.405286+00:00" hostname="agent-env-a9fabefb-a0d9-4d1a-a08b-0d1f26d4ca8e"><testcase classname="backend.tests.test_pdf_export_iter28.TestProfessionalPdfExport" name="test_pdf_export_endpoint_exists" time="0.505"><failure message="AssertionError: Endpoint returned 520&#10;assert 520 in [400, 422]&#10; +  where 520 = &lt;Response [520]&gt;.status_code">backend/tests/test_pdf_export_iter28.py:47: in test_pdf_export_endpoint_exists
    assert response.status_code in [400, 422], f"Endpoint returned {response.status_code}"
E   AssertionError: Endpoint returned 520
E   assert 520 in [400, 422]
E    +  where 520 = &lt;Response [520]&gt;.status_code</failure></testcase><testcase classname="backend.tests.test_pdf_export_iter28.TestProfessionalPdfExport" name="test_pdf_export_requires_charts" time="0.121"><failure message="AssertionError: Expected 400, got 520&#10;assert 520 == 400&#10; +  where 520 = &lt;Response [520]&gt;.status_code">backend/tests/test_pdf_export_iter28.py:57: in test_pdf_export_requires_charts
    assert response.status_code == 400, f"Expected 400, got {response.status_code}"
E   AssertionError: Expected 400, got 520
E   assert 520 == 400
E    +  where 520 = &lt;Response [520]&gt;.status_code</failure></testcase><testcase classname="backend.tests.test_pdf_export_iter28.TestProfessionalPdfExport" name="test_pdf_export_with_mock_chart_data" time="0.336" /><testcase classname="backend.tests.test_pdf_export_iter28.TestProfessionalPdfExport" name="test_pdf_export_includes_data_summary" time="0.271" /><testcase classname="backend.tests.test_pdf_export_iter28.TestProfessionalPdfExport" name="test_pdf_export_without_data_summary" time="0.185" /><testcase classname="backend.tests.test_pdf_export_iter28.TestProfessionalPdfExport" name="test_pdf_export_multiple_chart_types" time="0.353" /><testcase classname="backend.tests.test_pdf_export_iter28.TestProfessionalPdfExport" name="test_pdf_export_6_charts_per_page_grid" time="0.305" /><testcase classname="backend.tests.test_pdf_export_iter28.TestProfessionalPdfExport" name="test_pdf_export_7_charts_pagination" time="0.517" /><testcase classname="backend.tests.test_pdf_export_iter28.TestProfessionalPdfExport" name="test_pdf_response_contains_filename" time="0.234" /><testcase classname="backend.tests.test_pdf_export_iter28.TestPdfExportErrorHandling" name="test_pdf_export_requires_auth" time="0.121"><failure message="AssertionError: Expected auth error, got 520&#10;assert 520 in [401, 422]&#10; +  where 520 = &lt;Response [520]&gt;.status_code">backend/tests/test_pdf_export_iter28.py:323: in test_pdf_export_requires_auth
    assert response.status_code in [401, 422], f"Expected auth error, got {response.status_code}"
E   AssertionError: Expected auth error, got 520
E   assert 520 in [401, 422]
E    +  where 520 = &lt;Response [520]&gt;.status_code</failure></testcase></testsuite></testsuites>