<?xml version="1.0" encoding="utf-8"?><testsuites name="pytest tests"><testsuite name="pytest" errors="0" failures="0" skipped="0" tests="22" time="20.162" timestamp="2026-02-22T10:13:00.902264+00:00" hostname="agent-env-4bfdf5df-0236-40cc-bf8b-5e5badeaefe2"><testcase classname="backend.tests.test_ai_chart_features_iter24.TestUserTierInfo" name="test_tier_info_returns_200" time="0.554" /><testcase classname="backend.tests.test_ai_chart_features_iter24.TestUserTierInfo" name="test_tier_info_returns_tier_field" time="0.105" /><testcase classname="backend.tests.test_ai_chart_features_iter24.TestUserTierInfo" name="test_tier_info_returns_limits" time="0.131" /><testcase classname="backend.tests.test_ai_chart_features_iter24.TestUserTierInfo" name="test_tier_info_returns_usage" time="0.106" /><testcase classname="backend.tests.test_ai_chart_features_iter24.TestUserTierInfo" name="test_pro_tier_has_ai_features" time="0.099" /><testcase classname="backend.tests.test_ai_chart_features_iter24.TestUserTierInfo" name="test_tier_info_requires_auth" time="0.115" /><testcase classname="backend.tests.test_ai_chart_features_iter24.TestPresetThemes" name="test_preset_themes_returns_200" time="0.105" /><testcase classname="backend.tests.test_ai_chart_features_iter24.TestPresetThemes" name="test_preset_themes_returns_10_themes" time="0.096" /><testcase classname="backend.tests.test_ai_chart_features_iter24.TestPresetThemes" name="test_preset_themes_have_required_fields" time="0.106" /><testcase classname="backend.tests.test_ai_chart_features_iter24.TestPresetThemes" name="test_preset_themes_include_expected_themes" time="0.101" /><testcase classname="backend.tests.test_ai_chart_features_iter24.TestCustomThemes" name="test_custom_themes_returns_200" time="0.108" /><testcase classname="backend.tests.test_ai_chart_features_iter24.TestCustomThemes" name="test_custom_themes_returns_themes_array" time="0.103" /><testcase classname="backend.tests.test_ai_chart_features_iter24.TestCustomThemes" name="test_custom_themes_returns_limit_info" time="0.105" /><testcase classname="backend.tests.test_ai_chart_features_iter24.TestCustomThemes" name="test_custom_themes_requires_auth" time="0.105" /><testcase classname="backend.tests.test_ai_chart_features_iter24.TestAISuggestCharts" name="test_suggest_charts_returns_200" time="3.910" /><testcase classname="backend.tests.test_ai_chart_features_iter24.TestAISuggestCharts" name="test_suggest_charts_returns_suggestions_array" time="3.377" /><testcase classname="backend.tests.test_ai_chart_features_iter24.TestAISuggestCharts" name="test_suggest_charts_for_pro_user_not_restricted" time="3.184" /><testcase classname="backend.tests.test_ai_chart_features_iter24.TestAISuggestCharts" name="test_suggest_charts_suggestions_have_required_fields" time="3.320" /><testcase classname="backend.tests.test_ai_chart_features_iter24.TestAISuggestCharts" name="test_suggest_charts_returns_confidence_scores" time="4.000" /><testcase classname="backend.tests.test_ai_chart_features_iter24.TestAISuggestCharts" name="test_suggest_charts_invalid_dataset_returns_404" time="0.120" /><testcase classname="backend.tests.test_ai_chart_features_iter24.TestAISuggestCharts" name="test_suggest_charts_requires_auth" time="0.131" /><testcase classname="backend.tests.test_ai_chart_features_iter24.TestFreeTierRestriction" name="test_tier_limits_free_has_no_ai" time="0.104" /></testsuite></testsuites>