<?xml version="1.0" encoding="utf-8"?><testsuites name="pytest tests"><testsuite name="pytest" errors="0" failures="0" skipped="0" tests="14" time="7.619" timestamp="2026-02-15T16:32:02.194160+00:00" hostname="agent-env-5ef859b7-a5ca-4317-9d6d-682e109d7f7a"><testcase classname="backend.tests.test_templates_iter11.TestTemplatesFeature" name="test_get_templates_returns_preset_templates" time="0.449" /><testcase classname="backend.tests.test_templates_iter11.TestTemplatesFeature" name="test_preset_templates_have_required_fields" time="0.445" /><testcase classname="backend.tests.test_templates_iter11.TestTemplatesFeature" name="test_preset_template_categories" time="0.414" /><testcase classname="backend.tests.test_templates_iter11.TestTemplatesFeature" name="test_preset_template_names" time="1.149" /><testcase classname="backend.tests.test_templates_iter11.TestTemplatesFeature" name="test_create_dashboard_from_preset_template" time="0.803" /><testcase classname="backend.tests.test_templates_iter11.TestTemplatesFeature" name="test_save_dashboard_as_template" time="1.307" /><testcase classname="backend.tests.test_templates_iter11.TestTemplatesFeature" name="test_update_custom_template" time="0.764" /><testcase classname="backend.tests.test_templates_iter11.TestTemplatesFeature" name="test_delete_custom_template" time="0.689" /><testcase classname="backend.tests.test_templates_iter11.TestTemplatesFeature" name="test_cannot_delete_preset_template" time="0.402" /><testcase classname="backend.tests.test_templates_iter11.TestTemplatesFeature" name="test_template_widgets_preserved" time="0.645" /><testcase classname="backend.tests.test_templates_iter11.TestTemplatesCategorization" name="test_sales_category_template" time="0.131" /><testcase classname="backend.tests.test_templates_iter11.TestTemplatesCategorization" name="test_marketing_category_template" time="0.102" /><testcase classname="backend.tests.test_templates_iter11.TestTemplatesCategorization" name="test_customers_category_template" time="0.155" /><testcase classname="backend.tests.test_templates_iter11.TestTemplatesCategorization" name="test_preset_widget_types" time="0.101" /></testsuite></testsuites>