<?xml version="1.0" encoding="utf-8"?><testsuites name="pytest tests"><testsuite name="pytest" errors="0" failures="0" skipped="2" tests="24" time="17.685" timestamp="2026-02-13T16:49:00.200776+00:00" hostname="agent-env-702355f1-6f4e-4d6d-a137-4768c4b91401"><testcase classname="backend.tests.test_new_features_iter4.TestHealthAndAuth" name="test_health_endpoint" time="0.276" /><testcase classname="backend.tests.test_new_features_iter4.TestHealthAndAuth" name="test_login" time="0.351" /><testcase classname="backend.tests.test_new_features_iter4.TestDatabaseConnections" name="test_list_database_connections" time="0.567" /><testcase classname="backend.tests.test_new_features_iter4.TestDatabaseConnections" name="test_create_mongodb_connection" time="0.629" /><testcase classname="backend.tests.test_new_features_iter4.TestDatabaseConnections" name="test_create_postgresql_connection" time="0.484" /><testcase classname="backend.tests.test_new_features_iter4.TestDatabaseConnections" name="test_create_mysql_connection" time="0.567" /><testcase classname="backend.tests.test_new_features_iter4.TestDatabaseConnections" name="test_get_connection_by_id" time="0.942" /><testcase classname="backend.tests.test_new_features_iter4.TestDatabaseConnections" name="test_delete_connection" time="1.040" /><testcase classname="backend.tests.test_new_features_iter4.TestScheduledRefresh" name="test_set_hourly_schedule" time="1.153" /><testcase classname="backend.tests.test_new_features_iter4.TestScheduledRefresh" name="test_set_daily_schedule" time="0.926" /><testcase classname="backend.tests.test_new_features_iter4.TestScheduledRefresh" name="test_set_weekly_schedule" time="0.739" /><testcase classname="backend.tests.test_new_features_iter4.TestScheduledRefresh" name="test_set_custom_cron_schedule" time="0.819" /><testcase classname="backend.tests.test_new_features_iter4.TestScheduledRefresh" name="test_get_schedule" time="0.871" /><testcase classname="backend.tests.test_new_features_iter4.TestScheduledRefresh" name="test_disable_schedule" time="0.835" /><testcase classname="backend.tests.test_new_features_iter4.TestScheduledRefresh" name="test_delete_schedule" time="0.991" /><testcase classname="backend.tests.test_new_features_iter4.TestPDFExport" name="test_export_pdf_with_no_charts" time="0.554" /><testcase classname="backend.tests.test_new_features_iter4.TestPDFExport" name="test_export_pdf_with_existing_charts" time="0.690" /><testcase classname="backend.tests.test_new_features_iter4.TestPDFExport" name="test_export_pdf_with_dashboard" time="0.681" /><testcase classname="backend.tests.test_new_features_iter4.TestChartDrillDown" name="test_get_drill_options" time="0.688" /><testcase classname="backend.tests.test_new_features_iter4.TestChartDrillDown" name="test_drill_down_with_filter" time="0.790"><skipped type="pytest.skip" message="No drill options available for this chart">/app/backend/tests/test_new_features_iter4.py:472: No drill options available for this chart</skipped></testcase><testcase classname="backend.tests.test_new_features_iter4.TestChartDrillDown" name="test_drill_down_returns_breadcrumb" time="0.733"><skipped type="pytest.skip" message="No drill options available for breadcrumb test">/app/backend/tests/test_new_features_iter4.py:509: No drill options available for breadcrumb test</skipped></testcase><testcase classname="backend.tests.test_new_features_iter4.TestChartDrillDown" name="test_drill_down_chart_not_found" time="0.557" /><testcase classname="backend.tests.test_new_features_iter4.TestCleanup" name="test_cleanup_test_connections" time="0.980" /><testcase classname="backend.tests.test_new_features_iter4.TestCleanup" name="test_cleanup_test_charts" time="0.686" /></testsuite></testsuites>