<?xml version="1.0" encoding="utf-8"?><testsuites name="pytest tests"><testsuite name="pytest" errors="0" failures="0" skipped="0" tests="13" time="3.010" timestamp="2026-02-14T18:53:34.865981+00:00" hostname="agent-env-8d0347e7-1ae5-4e9a-9693-743834d1a950"><testcase classname="backend.tests.test_chart_transform.TestAuth" name="test_login_success" time="0.480" /><testcase classname="backend.tests.test_chart_transform.TestDatasets" name="test_list_datasets" time="0.390" /><testcase classname="backend.tests.test_chart_transform.TestDatasets" name="test_get_sales_data_dataset" time="0.061" /><testcase classname="backend.tests.test_chart_transform.TestDataTransformation" name="test_transform_preview_filter" time="0.245" /><testcase classname="backend.tests.test_chart_transform.TestDataTransformation" name="test_transform_preview_sort" time="0.214" /><testcase classname="backend.tests.test_chart_transform.TestDataTransformation" name="test_transform_preview_disabled_step" time="0.177" /><testcase classname="backend.tests.test_chart_transform.TestDataTransformation" name="test_transform_preview_multiple_steps" time="0.176" /><testcase classname="backend.tests.test_chart_transform.TestCharts" name="test_list_charts" time="0.082" /><testcase classname="backend.tests.test_chart_transform.TestCharts" name="test_create_chart_with_annotations" time="0.281" /><testcase classname="backend.tests.test_chart_transform.TestCharts" name="test_create_line_chart_with_reference_line" time="0.225" /><testcase classname="backend.tests.test_chart_transform.TestCharts" name="test_create_area_chart_with_highlight_region" time="0.229" /><testcase classname="backend.tests.test_chart_transform.TestDatasetStats" name="test_get_dataset_stats" time="0.150" /><testcase classname="backend.tests.test_chart_transform.TestDatasetStats" name="test_get_dataset_data" time="0.167" /></testsuite></testsuites>