<?xml version="1.0" encoding="utf-8"?><testsuites name="pytest tests"><testsuite name="pytest" errors="0" failures="0" skipped="0" tests="22" time="4.366" timestamp="2026-02-22T10:32:51.347844+00:00" hostname="agent-env-4bfdf5df-0236-40cc-bf8b-5e5badeaefe2"><testcase classname="backend.tests.test_custom_theme_builder_iter25.TestAuth" name="test_login_success" time="0.734" /><testcase classname="backend.tests.test_custom_theme_builder_iter25.TestPresetThemes" name="test_get_preset_themes_success" time="0.136" /><testcase classname="backend.tests.test_custom_theme_builder_iter25.TestPresetThemes" name="test_preset_themes_count" time="0.099" /><testcase classname="backend.tests.test_custom_theme_builder_iter25.TestPresetThemes" name="test_preset_themes_structure" time="0.135" /><testcase classname="backend.tests.test_custom_theme_builder_iter25.TestPresetThemes" name="test_preset_theme_ids" time="0.104" /><testcase classname="backend.tests.test_custom_theme_builder_iter25.TestCustomThemesGet" name="test_get_custom_themes_requires_auth" time="0.098" /><testcase classname="backend.tests.test_custom_theme_builder_iter25.TestCustomThemesGet" name="test_get_custom_themes_success" time="0.425" /><testcase classname="backend.tests.test_custom_theme_builder_iter25.TestCustomThemesGet" name="test_custom_themes_limit_for_pro_tier" time="0.102" /><testcase classname="backend.tests.test_custom_theme_builder_iter25.TestCustomThemesCreate" name="test_create_theme_requires_auth" time="0.106" /><testcase classname="backend.tests.test_custom_theme_builder_iter25.TestCustomThemesCreate" name="test_create_custom_theme_success" time="0.096" /><testcase classname="backend.tests.test_custom_theme_builder_iter25.TestCustomThemesCreate" name="test_create_theme_with_5_colors" time="0.099" /><testcase classname="backend.tests.test_custom_theme_builder_iter25.TestCustomThemesCreate" name="test_create_theme_with_8_colors" time="0.097" /><testcase classname="backend.tests.test_custom_theme_builder_iter25.TestCustomThemesUpdate" name="test_update_theme_requires_auth" time="0.104" /><testcase classname="backend.tests.test_custom_theme_builder_iter25.TestCustomThemesUpdate" name="test_update_custom_theme_success" time="0.339" /><testcase classname="backend.tests.test_custom_theme_builder_iter25.TestCustomThemesUpdate" name="test_update_nonexistent_theme" time="0.105" /><testcase classname="backend.tests.test_custom_theme_builder_iter25.TestCustomThemesDelete" name="test_delete_theme_requires_auth" time="0.096" /><testcase classname="backend.tests.test_custom_theme_builder_iter25.TestCustomThemesDelete" name="test_delete_custom_theme_success" time="0.304" /><testcase classname="backend.tests.test_custom_theme_builder_iter25.TestCustomThemesDelete" name="test_delete_nonexistent_theme" time="0.108" /><testcase classname="backend.tests.test_custom_theme_builder_iter25.TestThemeLimits" name="test_get_tier_info" time="0.102" /><testcase classname="backend.tests.test_custom_theme_builder_iter25.TestThemeLimits" name="test_custom_themes_usage_stats" time="0.135" /><testcase classname="backend.tests.test_custom_theme_builder_iter25.TestThemeIntegration" name="test_full_theme_crud_workflow" time="0.525" /><testcase classname="backend.tests.test_custom_theme_builder_iter25.TestCleanup" name="test_cleanup_test_themes" time="0.204" /></testsuite></testsuites>