<?xml version="1.0" encoding="utf-8"?><testsuites name="pytest tests"><testsuite name="pytest" errors="0" failures="0" skipped="0" tests="7" time="1.448" timestamp="2026-03-06T12:42:46.573581+00:00" hostname="agent-env-041b9f89-a849-496c-b741-e71f3cc6dbc3"><testcase classname="tests.test_drilldown_iter32.TestDrillDownBackendAPI" name="test_get_dashboard_exists" time="0.501" /><testcase classname="tests.test_drilldown_iter32.TestDrillDownBackendAPI" name="test_get_dashboard_widgets" time="0.119" /><testcase classname="tests.test_drilldown_iter32.TestDrillDownBackendAPI" name="test_widget_data_without_drill" time="0.113" /><testcase classname="tests.test_drilldown_iter32.TestDrillDownBackendAPI" name="test_widget_data_with_drill_level" time="0.218" /><testcase classname="tests.test_drilldown_iter32.TestDrillDownBackendAPI" name="test_widget_data_drill_with_filter" time="0.217" /><testcase classname="tests.test_drilldown_iter32.TestWidgetDrilldownConfiguration" name="test_drilldown_widget_has_hierarchy" time="0.107" /><testcase classname="tests.test_drilldown_iter32.TestDashboardLayout" name="test_widgets_have_position" time="0.107" /></testsuite></testsuites>