<?xml version="1.0" encoding="utf-8"?><testsuites name="pytest tests"><testsuite name="pytest" errors="0" failures="0" skipped="0" tests="8" time="16.273" timestamp="2026-02-22T09:22:23.628352+00:00" hostname="agent-env-4bfdf5df-0236-40cc-bf8b-5e5badeaefe2"><testcase classname="backend.tests.test_ai_summary_iter23.TestAISummaryEndpoints" name="test_summary_status_endpoint" time="0.306" /><testcase classname="backend.tests.test_ai_summary_iter23.TestAISummaryEndpoints" name="test_generate_summary_with_valid_data_professional_tone" time="2.488" /><testcase classname="backend.tests.test_ai_summary_iter23.TestAISummaryEndpoints" name="test_generate_summary_executive_tone" time="2.262" /><testcase classname="backend.tests.test_ai_summary_iter23.TestAISummaryEndpoints" name="test_generate_summary_casual_tone" time="2.306" /><testcase classname="backend.tests.test_ai_summary_iter23.TestAISummaryEndpoints" name="test_generate_summary_long_length" time="3.017" /><testcase classname="backend.tests.test_ai_summary_iter23.TestAISummaryEndpoints" name="test_generate_summary_minimal_data_fallback" time="2.047" /><testcase classname="backend.tests.test_ai_summary_iter23.TestAISummaryEndpoints" name="test_generate_summary_empty_sections_handles_gracefully" time="1.228" /><testcase classname="backend.tests.test_ai_summary_iter23.TestSummaryIntegration" name="test_summary_workflow_status_then_generate" time="2.547" /></testsuite></testsuites>